compiz (core) - Warn: No XI2 extension
[ERROR]: Option "active_plugins" already defined
[ERROR]: Option "audible_bell" already defined
[ERROR]: Option "ignore_hints_when_maximized" already defined
[ERROR]: Option "hide_skip_taskbar_windows" already defined
[ERROR]: Option "edge_delay" already defined
[ERROR]: Option "cursor_theme" already defined
[ERROR]: Option "cursor_size" already defined
[ERROR]: Option "ping_delay" already defined
[ERROR]: Option "texture_filter" already defined
[ERROR]: Option "click_to_focus" already defined
[ERROR]: Option "raise_on_click" already defined
[ERROR]: Option "autoraise" already defined
[ERROR]: Option "autoraise_delay" already defined
[ERROR]: Option "close_window_key" already defined
[ERROR]: Option "close_window_button" already defined
[ERROR]: Option "raise_window_key" already defined
[ERROR]: Option "raise_window_button" already defined
[ERROR]: Option "lower_window_key" already defined
[ERROR]: Option "lower_window_button" already defined
[ERROR]: Option "unmaximize_window_key" already defined
[ERROR]: Option "minimize_window_key" already defined
[ERROR]: Option "minimize_window_button" already defined
[ERROR]: Option "maximize_window_key" already defined
[ERROR]: Option "maximize_window_horizontally_key" already defined
[ERROR]: Option "maximize_window_vertically_key" already defined
[ERROR]: Option "window_menu_button" already defined
[ERROR]: Option "window_menu_key" already defined
[ERROR]: Option "show_desktop_key" already defined
[ERROR]: Option "show_desktop_edge" already defined
[ERROR]: Option "toggle_window_maximized_key" already defined
[ERROR]: Option "toggle_window_maximized_button" already defined
[ERROR]: Option "toggle_window_maximized_horizontally_key" already defined
[ERROR]: Option "toggle_window_maximized_vertically_key" already defined
[ERROR]: Option "toggle_window_shaded_key" already defined
[ERROR]: Option "slow_animations_key" already defined
[ERROR]: Option "hsize" already defined
[ERROR]: Option "vsize" already defined
[ERROR]: Option "lighting" already defined
[ERROR]: Option "detect_refresh_rate" already defined
[ERROR]: Option "refresh_rate" already defined
[ERROR]: Option "detect_outputs" already defined
[ERROR]: Option "overlapping_outputs" already defined
[ERROR]: Option "outputs" already defined
[ERROR]: Option "sync_to_vblank" already defined
[ERROR]: Option "focus_prevention_level" already defined
[ERROR]: Option "focus_prevention_match" already defined
[ERROR]: Option "unredirect_fullscreen_windows" already defined
[ERROR]: Option "default_icon" already defined
[ERROR]: Option "force_independent_output_painting" already defined
[ERROR]: Option "texture_compression" already defined
[ERROR]: Option "initiate_normal_key" already defined
[ERROR]: Option "initiate_outline_key" already defined
[ERROR]: Option "initiate_rectangle_key" already defined
[ERROR]: Option "initiate_stretch_key" already defined
[ERROR]: Option "initiate_button" already defined
[ERROR]: Option "initiate_key" already defined
[ERROR]: Option "mode" already defined
[ERROR]: Option "border_color" already defined
[ERROR]: Option "fill_color" already defined
[ERROR]: Option "normal_match" already defined
[ERROR]: Option "outline_match" already defined
[ERROR]: Option "rectangle_match" already defined
[ERROR]: Option "stretch_match" already defined
[ERROR]: Option "quality" already defined
[ERROR]: Option "initiate_button" already defined
[ERROR]: Option "directory" already defined
[ERROR]: Option "launch_app" already defined
[ERROR]: Option "put_center_key" already defined
[ERROR]: Option "put_left_key" already defined
[ERROR]: Option "put_right_key" already defined
[ERROR]: Option "put_top_key" already defined
[ERROR]: Option "put_bottom_key" already defined
[ERROR]: Option "put_topleft_key" already defined
[ERROR]: Option "put_topright_key" already defined
[ERROR]: Option "put_bottomleft_key" already defined
[ERROR]: Option "put_bottomright_key" already defined
[ERROR]: Option "put_maximize_key" already defined
[ERROR]: Option "cycle_sizes" already defined
[ERROR]: Option "top_left_corner_action" already defined
[ERROR]: Option "top_edge_action" already defined
[ERROR]: Option "top_right_corner_action" already defined
[ERROR]: Option "left_edge_action" already defined
[ERROR]: Option "right_edge_action" already defined
[ERROR]: Option "bottom_left_corner_action" already defined
[ERROR]: Option "bottom_edge_action" already defined
[ERROR]: Option "bottom_right_corner_action" already defined
[ERROR]: Option "left_edge_threshold" already defined
[ERROR]: Option "right_edge_threshold" already defined
[ERROR]: Option "top_edge_threshold" already defined
[ERROR]: Option "bottom_edge_threshold" already defined
[ERROR]: Option "output_select_mouse_pointer" already defined
[ERROR]: Option "draw_indicator" already defined
[ERROR]: Option "animation_duration" already defined
[ERROR]: Option "outline_thickness" already defined
[ERROR]: Option "outline_color" already defined
[ERROR]: Option "fill_color" already defined
compiz (core) - Warn: No XI2 extension
[ERROR]: Option "active_plugins" already defined
[ERROR]: Option "audible_bell" already defined
[ERROR]: Option "ignore_hints_when_maximized" already defined
[ERROR]: Option "hide_skip_taskbar_windows" already defined
[ERROR]: Option "edge_delay" already defined
[ERROR]: Option "cursor_theme" already defined
[ERROR]: Option "cursor_size" already defined
[ERROR]: Option "ping_delay" already defined
[ERROR]: Option "texture_filter" already defined
[ERROR]: Option "click_to_focus" already defined
[ERROR]: Option "raise_on_click" already defined
[ERROR]: Option "autoraise" already defined
[ERROR]: Option "autoraise_delay" already defined
[ERROR]: Option "close_window_key" already defined
[ERROR]: Option "close_window_button" already defined
[ERROR]: Option "raise_window_key" already defined
[ERROR]: Option "raise_window_button" already defined
[ERROR]: Option "lower_window_key" already defined
[ERROR]: Option "lower_window_button" already defined
[ERROR]: Option "unmaximize_window_key" already defined
[ERROR]: Option "minimize_window_key" already defined
[ERROR]: Option "minimize_window_button" already defined
[ERROR]: Option "maximize_window_key" already defined
[ERROR]: Option "maximize_window_horizontally_key" already defined
[ERROR]: Option "maximize_window_vertically_key" already defined
[ERROR]: Option "window_menu_button" already defined
[ERROR]: Option "window_menu_key" already defined
[ERROR]: Option "show_desktop_key" already defined
[ERROR]: Option "show_desktop_edge" already defined
[ERROR]: Option "toggle_window_maximized_key" already defined
[ERROR]: Option "toggle_window_maximized_button" already defined
[ERROR]: Option "toggle_window_maximized_horizontally_key" already defined
[ERROR]: Option "toggle_window_maximized_vertically_key" already defined
[ERROR]: Option "toggle_window_shaded_key" already defined
[ERROR]: Option "slow_animations_key" already defined
[ERROR]: Option "hsize" already defined
[ERROR]: Option "vsize" already defined
[ERROR]: Option "lighting" already defined
[ERROR]: Option "detect_refresh_rate" already defined
[ERROR]: Option "refresh_rate" already defined
[ERROR]: Option "detect_outputs" already defined
[ERROR]: Option "overlapping_outputs" already defined
[ERROR]: Option "outputs" already defined
[ERROR]: Option "sync_to_vblank" already defined
[ERROR]: Option "focus_prevention_level" already defined
[ERROR]: Option "focus_prevention_match" already defined
[ERROR]: Option "unredirect_fullscreen_windows" already defined
[ERROR]: Option "default_icon" already defined
[ERROR]: Option "force_independent_output_painting" already defined
[ERROR]: Option "texture_compression" already defined
[ERROR]: Option "initiate_normal_key" already defined
[ERROR]: Option "initiate_outline_key" already defined
[ERROR]: Option "initiate_rectangle_key" already defined
[ERROR]: Option "initiate_stretch_key" already defined
[ERROR]: Option "initiate_button" already defined
[ERROR]: Option "initiate_key" already defined
[ERROR]: Option "mode" already defined
[ERROR]: Option "border_color" already defined
[ERROR]: Option "fill_color" already defined
[ERROR]: Option "normal_match" already defined
[ERROR]: Option "outline_match" already defined
[ERROR]: Option "rectangle_match" already defined
[ERROR]: Option "stretch_match" already defined
[ERROR]: Option "quality" already defined
[ERROR]: Option "initiate_button" already defined
[ERROR]: Option "directory" already defined
[ERROR]: Option "launch_app" already defined
[ERROR]: Option "put_center_key" already defined
[ERROR]: Option "put_left_key" already defined
[ERROR]: Option "put_right_key" already defined
[ERROR]: Option "put_top_key" already defined
[ERROR]: Option "put_bottom_key" already defined
[ERROR]: Option "put_topleft_key" already defined
[ERROR]: Option "put_topright_key" already defined
[ERROR]: Option "put_bottomleft_key" already defined
[ERROR]: Option "put_bottomright_key" already defined
[ERROR]: Option "put_maximize_key" already defined
[ERROR]: Option "cycle_sizes" already defined
[ERROR]: Option "top_left_corner_action" already defined
[ERROR]: Option "top_edge_action" already defined
[ERROR]: Option "top_right_corner_action" already defined
[ERROR]: Option "left_edge_action" already defined
[ERROR]: Option "right_edge_action" already defined
[ERROR]: Option "bottom_left_corner_action" already defined
[ERROR]: Option "bottom_edge_action" already defined
[ERROR]: Option "bottom_right_corner_action" already defined
[ERROR]: Option "left_edge_threshold" already defined
[ERROR]: Option "right_edge_threshold" already defined
[ERROR]: Option "top_edge_threshold" already defined
[ERROR]: Option "bottom_edge_threshold" already defined
[ERROR]: Option "output_select_mouse_pointer" already defined
[ERROR]: Option "draw_indicator" already defined
[ERROR]: Option "animation_duration" already defined
[ERROR]: Option "outline_thickness" already defined
[ERROR]: Option "outline_color" already defined
[ERROR]: Option "fill_color" already defined
Enabling accessibility: no dbus reply after 1s:org.freedesktop.DBus.Error.NoReply Did not receive a reply. Possible causes include: the remote application did not send a reply, the message bus security policy blocked the reply, the reply timeout expired, or the network connection was broken.
